TN:
SF:/Users/ashleylouw/projects/ng-repo-search/src/polyfills.ts
FNF:0
FNH:0
LF:0
LH:0
BRF:0
BRH:0
end_of_record
TN:
SF:/Users/ashleylouw/projects/ng-repo-search/src/test.ts
FNF:0
FNH:0
DA:18,1
DA:23,1
DA:25,1
LF:3
LH:3
BRF:0
BRH:0
end_of_record
TN:
SF:/Users/ashleylouw/projects/ng-repo-search/src/app/app.component.ts
FNF:0
FNH:0
DA:8,1
LF:1
LH:1
BRF:0
BRH:0
end_of_record
TN:
SF:/Users/ashleylouw/projects/ng-repo-search/src/app/details/details.component.ts
FN:23,(anonymous_0)
FN:33,(anonymous_1)
FNF:2
FNH:2
FNDA:1,(anonymous_0)
FNDA:1,(anonymous_1)
DA:9,1
DA:16,1
DA:23,1
DA:34,1
DA:35,0
LF:5
LH:4
BRDA:34,0,0,0
BRDA:34,0,1,1
BRDA:34,1,0,1
BRDA:34,1,1,1
BRF:4
BRH:3
end_of_record
TN:
SF:/Users/ashleylouw/projects/ng-repo-search/src/app/issues/issues.component.ts
FN:50,(anonymous_0)
FN:60,(anonymous_1)
FN:68,(anonymous_3)
FN:69,(anonymous_4)
FNF:4
FNH:2
FNDA:1,(anonymous_0)
FNDA:1,(anonymous_1)
FNDA:0,(anonymous_3)
FNDA:0,(anonymous_4)
DA:23,1
DA:29,1
DA:43,1
DA:50,1
DA:61,1
DA:62,0
DA:63,0
DA:65,1
DA:66,1
DA:67,0
DA:68,0
DA:69,0
DA:70,0
DA:71,0
DA:73,0
LF:15
LH:7
BRDA:61,0,0,0
BRDA:61,0,1,1
BRF:2
BRH:1
end_of_record
TN:
SF:/Users/ashleylouw/projects/ng-repo-search/src/app/search/search.component.ts
FN:55,(anonymous_0)
FN:57,(anonymous_1)
FN:69,(anonymous_2)
FNF:3
FNH:2
FNDA:1,(anonymous_0)
FNDA:1,(anonymous_1)
FNDA:0,(anonymous_2)
DA:17,1
DA:22,1
DA:27,1
DA:34,1
DA:41,1
DA:55,1
DA:58,1
DA:59,0
DA:60,0
DA:70,0
DA:71,0
DA:72,0
DA:73,0
DA:74,0
DA:76,0
LF:15
LH:7
BRDA:58,0,0,0
BRDA:58,0,1,1
BRF:2
BRH:1
end_of_record
TN:
SF:/Users/ashleylouw/projects/ng-repo-search/src/app/shared/components/table/table.component.ts
FN:83,(anonymous_0)
FN:90,(anonymous_1)
FN:105,(anonymous_2)
FN:119,(anonymous_3)
FN:130,(anonymous_4)
FN:143,(anonymous_5)
FN:151,(anonymous_6)
FNF:7
FNH:1
FNDA:1,(anonymous_0)
FNDA:0,(anonymous_1)
FNDA:0,(anonymous_2)
FNDA:0,(anonymous_3)
FNDA:0,(anonymous_4)
FNDA:0,(anonymous_5)
FNDA:0,(anonymous_6)
DA:16,1
DA:22,1
DA:43,1
DA:50,1
DA:57,1
DA:65,1
DA:73,1
DA:81,1
DA:83,1
DA:91,0
DA:92,0
DA:93,0
DA:94,0
DA:95,0
DA:96,0
DA:106,0
DA:107,0
DA:109,0
DA:110,0
DA:120,0
DA:121,0
DA:122,0
DA:131,0
DA:132,0
DA:134,0
DA:144,0
DA:145,0
DA:152,0
LF:28
LH:9
BRDA:91,0,0,0
BRDA:91,0,1,0
BRDA:91,1,0,0
BRDA:91,1,1,0
BRDA:109,2,0,0
BRDA:109,2,1,0
BRDA:131,3,0,0
BRDA:131,3,1,0
BRDA:132,4,0,0
BRDA:132,4,1,0
BRDA:134,5,0,0
BRDA:134,5,1,0
BRDA:144,6,0,0
BRDA:144,6,1,0
BRF:14
BRH:0
end_of_record
TN:
SF:/Users/ashleylouw/projects/ng-repo-search/src/app/shared/services/repo.service.ts
FN:16,(anonymous_0)
FN:24,(anonymous_1)
FN:27,(anonymous_2)
FN:37,(anonymous_3)
FN:40,(anonymous_4)
FNF:5
FNH:3
FNDA:7,(anonymous_0)
FNDA:1,(anonymous_1)
FNDA:0,(anonymous_2)
FNDA:2,(anonymous_3)
FNDA:0,(anonymous_4)
DA:9,1
DA:16,7
DA:25,1
DA:27,0
DA:38,2
DA:40,0
LF:6
LH:4
BRF:0
BRH:0
end_of_record
TN:
SF:/Users/ashleylouw/projects/ng-repo-search/src/app/stats/stats.component.ts
FN:9,(anonymous_0)
FN:34,(anonymous_1)
FN:44,(anonymous_2)
FNF:3
FNH:3
FNDA:1,(anonymous_0)
FNDA:1,(anonymous_1)
FNDA:1,(anonymous_2)
DA:9,1
DA:15,1
DA:35,1
DA:36,0
DA:37,0
DA:45,1
DA:46,1
DA:47,1
DA:48,1
DA:49,1
LF:10
LH:8
BRDA:35,0,0,0
BRDA:35,0,1,1
BRF:2
BRH:1
end_of_record
