TN:
SF:/Users/ashleylouw/projects/ng-repo-search/src/polyfills.ts
FNF:0
FNH:0
LF:0
LH:0
BRF:0
BRH:0
end_of_record
TN:
SF:/Users/ashleylouw/projects/ng-repo-search/src/test.ts
FNF:0
FNH:0
DA:18,1
DA:23,1
DA:25,1
LF:3
LH:3
BRF:0
BRH:0
end_of_record
TN:
SF:/Users/ashleylouw/projects/ng-repo-search/src/app/app.component.ts
FNF:0
FNH:0
DA:8,1
LF:1
LH:1
BRF:0
BRH:0
end_of_record
TN:
SF:/Users/ashleylouw/projects/ng-repo-search/src/app/details/details.component.ts
FN:24,(anonymous_0)
FN:34,(anonymous_1)
FNF:2
FNH:2
FNDA:9,(anonymous_0)
FNDA:9,(anonymous_1)
DA:9,1
DA:16,9
DA:24,9
DA:35,9
DA:36,9
LF:5
LH:5
BRDA:35,0,0,9
BRDA:35,0,1,0
BRDA:35,1,0,9
BRDA:35,1,1,9
BRF:4
BRH:3
end_of_record
TN:
SF:/Users/ashleylouw/projects/ng-repo-search/src/app/issues/issues.component.ts
FN:53,(anonymous_0)
FN:63,(anonymous_1)
FN:71,(anonymous_3)
FN:72,(anonymous_4)
FNF:4
FNH:4
FNDA:6,(anonymous_0)
FNDA:5,(anonymous_1)
FNDA:4,(anonymous_3)
FNDA:4,(anonymous_4)
DA:25,1
DA:31,6
DA:45,6
DA:53,6
DA:64,5
DA:65,2
DA:66,2
DA:68,5
DA:69,5
DA:70,2
DA:71,4
DA:72,4
DA:73,2
DA:74,2
DA:76,0
LF:15
LH:14
BRDA:64,0,0,2
BRDA:64,0,1,3
BRF:2
BRH:2
end_of_record
TN:
SF:/Users/ashleylouw/projects/ng-repo-search/src/app/search/search.component.ts
FN:63,(anonymous_0)
FN:65,(anonymous_1)
FN:78,(anonymous_2)
FNF:3
FNH:3
FNDA:7,(anonymous_0)
FNDA:3,(anonymous_1)
FNDA:2,(anonymous_2)
DA:19,1
DA:24,7
DA:29,7
DA:36,7
DA:41,7
DA:48,7
DA:63,7
DA:66,3
DA:67,3
DA:68,1
DA:69,1
DA:79,2
DA:80,2
DA:81,2
DA:82,2
DA:83,2
DA:84,2
DA:85,2
DA:87,0
LF:19
LH:18
BRDA:67,0,0,1
BRDA:67,0,1,2
BRF:2
BRH:2
end_of_record
TN:
SF:/Users/ashleylouw/projects/ng-repo-search/src/app/shared/components/snackbar/snackbar.component.ts
FN:35,(anonymous_0)
FNF:1
FNH:1
FNDA:3,(anonymous_0)
DA:19,1
DA:35,3
LF:2
LH:2
BRF:0
BRH:0
end_of_record
TN:
SF:/Users/ashleylouw/projects/ng-repo-search/src/app/shared/components/table/table.component.ts
FN:96,(anonymous_0)
FN:98,(anonymous_1)
FN:111,(anonymous_2)
FN:126,(anonymous_3)
FN:140,(anonymous_4)
FN:151,(anonymous_5)
FN:164,(anonymous_6)
FN:172,(anonymous_7)
FNF:8
FNH:8
FNDA:11,(anonymous_0)
FNDA:10,(anonymous_1)
FNDA:9,(anonymous_2)
FNDA:1,(anonymous_3)
FNDA:18,(anonymous_4)
FNDA:100,(anonymous_5)
FNDA:2,(anonymous_6)
FNDA:1,(anonymous_7)
DA:16,1
DA:22,11
DA:43,1
DA:50,1
DA:57,11
DA:65,11
DA:73,1
DA:81,1
DA:89,1
DA:96,11
DA:99,10
DA:100,10
DA:101,10
DA:102,5
DA:112,9
DA:113,5
DA:114,5
DA:115,5
DA:116,5
DA:117,5
DA:127,1
DA:128,1
DA:130,1
DA:131,0
DA:141,18
DA:142,18
DA:143,18
DA:152,100
DA:153,18
DA:155,82
DA:165,2
DA:166,2
DA:173,1
LF:33
LH:32
BRDA:101,0,0,5
BRDA:101,0,1,5
BRDA:112,1,0,5
BRDA:112,1,1,4
BRDA:112,2,0,9
BRDA:112,2,1,9
BRDA:130,3,0,0
BRDA:130,3,1,1
BRDA:152,4,0,18
BRDA:152,4,1,82
BRDA:153,5,0,0
BRDA:153,5,1,18
BRDA:155,6,0,6
BRDA:155,6,1,76
BRDA:165,7,0,2
BRDA:165,7,1,0
BRF:16
BRH:13
end_of_record
TN:
SF:/Users/ashleylouw/projects/ng-repo-search/src/app/shared/services/repo.service.ts
FN:17,(anonymous_0)
FN:25,(anonymous_1)
FN:28,(anonymous_2)
FN:38,(anonymous_3)
FN:41,(anonymous_4)
FNF:5
FNH:3
FNDA:18,(anonymous_0)
FNDA:1,(anonymous_1)
FNDA:0,(anonymous_2)
FNDA:4,(anonymous_3)
FNDA:0,(anonymous_4)
DA:10,1
DA:17,18
DA:26,1
DA:28,0
DA:39,4
DA:41,0
LF:6
LH:4
BRF:0
BRH:0
end_of_record
TN:
SF:/Users/ashleylouw/projects/ng-repo-search/src/app/stats/stats.component.ts
FN:9,(anonymous_0)
FN:34,(anonymous_1)
FN:44,(anonymous_2)
FNF:3
FNH:1
FNDA:1,(anonymous_0)
FNDA:0,(anonymous_1)
FNDA:0,(anonymous_2)
DA:9,1
DA:15,1
DA:35,0
DA:36,0
DA:37,0
DA:45,0
DA:46,0
DA:47,0
DA:48,0
DA:49,0
LF:10
LH:2
BRDA:35,0,0,0
BRDA:35,0,1,0
BRF:2
BRH:0
end_of_record
